[2023-11-03 18:49:26] errors.WARNING: E_WARNING: Undefined array key "airline" {"code":2,"message":"Undefined array key \"airline\"","file":"C:\\Users\\nahu9\\Tano\\Programming\\IDTravel\\id90Travel_Challenge\\backend\\App\\Services\\HotelsService.php","line":18} []
[2023-11-03 18:49:26] errors.WARNING: E_WARNING: Undefined array key "airline" {"code":2,"message":"Undefined array key \"airline\"","file":"C:\\Users\\nahu9\\Tano\\Programming\\IDTravel\\id90Travel_Challenge\\backend\\App\\Services\\HotelsService.php","line":18} []
[2023-11-03 18:49:26] errors.WARNING: E_WARNING: Undefined array key "username" {"code":2,"message":"Undefined array key \"username\"","file":"C:\\Users\\nahu9\\Tano\\Programming\\IDTravel\\id90Travel_Challenge\\backend\\App\\Services\\HotelsService.php","line":19} []
[2023-11-03 18:49:26] errors.WARNING: E_WARNING: Undefined array key "username" {"code":2,"message":"Undefined array key \"username\"","file":"C:\\Users\\nahu9\\Tano\\Programming\\IDTravel\\id90Travel_Challenge\\backend\\App\\Services\\HotelsService.php","line":19} []
[2023-11-03 18:49:26] errors.WARNING: E_WARNING: Undefined array key "password" {"code":2,"message":"Undefined array key \"password\"","file":"C:\\Users\\nahu9\\Tano\\Programming\\IDTravel\\id90Travel_Challenge\\backend\\App\\Services\\HotelsService.php","line":20} []
[2023-11-03 18:49:26] errors.WARNING: E_WARNING: Undefined array key "password" {"code":2,"message":"Undefined array key \"password\"","file":"C:\\Users\\nahu9\\Tano\\Programming\\IDTravel\\id90Travel_Challenge\\backend\\App\\Services\\HotelsService.php","line":20} []
[2023-11-03 19:28:46] errors.WARNING: E_WARNING: Undefined array key "airline" {"code":2,"message":"Undefined array key \"airline\"","file":"C:\\Users\\nahu9\\Tano\\Programming\\IDTravel\\id90Travel_Challenge\\backend\\App\\Services\\HotelsService.php","line":17} []
[2023-11-03 19:28:46] errors.WARNING: E_WARNING: Undefined array key "airline" {"code":2,"message":"Undefined array key \"airline\"","file":"C:\\Users\\nahu9\\Tano\\Programming\\IDTravel\\id90Travel_Challenge\\backend\\App\\Services\\HotelsService.php","line":17} []
[2023-11-03 19:28:46] errors.WARNING: E_WARNING: Undefined array key "username" {"code":2,"message":"Undefined array key \"username\"","file":"C:\\Users\\nahu9\\Tano\\Programming\\IDTravel\\id90Travel_Challenge\\backend\\App\\Services\\HotelsService.php","line":18} []
[2023-11-03 19:28:46] errors.WARNING: E_WARNING: Undefined array key "username" {"code":2,"message":"Undefined array key \"username\"","file":"C:\\Users\\nahu9\\Tano\\Programming\\IDTravel\\id90Travel_Challenge\\backend\\App\\Services\\HotelsService.php","line":18} []
[2023-11-03 19:28:46] errors.WARNING: E_WARNING: Undefined array key "password" {"code":2,"message":"Undefined array key \"password\"","file":"C:\\Users\\nahu9\\Tano\\Programming\\IDTravel\\id90Travel_Challenge\\backend\\App\\Services\\HotelsService.php","line":19} []
[2023-11-03 19:28:46] errors.WARNING: E_WARNING: Undefined array key "password" {"code":2,"message":"Undefined array key \"password\"","file":"C:\\Users\\nahu9\\Tano\\Programming\\IDTravel\\id90Travel_Challenge\\backend\\App\\Services\\HotelsService.php","line":19} []
[2023-11-03 19:29:23] errors.WARNING: E_WARNING: Undefined array key "airline" {"code":2,"message":"Undefined array key \"airline\"","file":"C:\\Users\\nahu9\\Tano\\Programming\\IDTravel\\id90Travel_Challenge\\backend\\App\\Services\\HotelsService.php","line":18} []
[2023-11-03 19:29:23] errors.WARNING: E_WARNING: Undefined array key "airline" {"code":2,"message":"Undefined array key \"airline\"","file":"C:\\Users\\nahu9\\Tano\\Programming\\IDTravel\\id90Travel_Challenge\\backend\\App\\Services\\HotelsService.php","line":18} []
[2023-11-03 19:29:23] errors.WARNING: E_WARNING: Undefined array key "username" {"code":2,"message":"Undefined array key \"username\"","file":"C:\\Users\\nahu9\\Tano\\Programming\\IDTravel\\id90Travel_Challenge\\backend\\App\\Services\\HotelsService.php","line":19} []
[2023-11-03 19:29:23] errors.WARNING: E_WARNING: Undefined array key "username" {"code":2,"message":"Undefined array key \"username\"","file":"C:\\Users\\nahu9\\Tano\\Programming\\IDTravel\\id90Travel_Challenge\\backend\\App\\Services\\HotelsService.php","line":19} []
[2023-11-03 19:29:23] errors.WARNING: E_WARNING: Undefined array key "password" {"code":2,"message":"Undefined array key \"password\"","file":"C:\\Users\\nahu9\\Tano\\Programming\\IDTravel\\id90Travel_Challenge\\backend\\App\\Services\\HotelsService.php","line":20} []
[2023-11-03 19:29:23] errors.WARNING: E_WARNING: Undefined array key "password" {"code":2,"message":"Undefined array key \"password\"","file":"C:\\Users\\nahu9\\Tano\\Programming\\IDTravel\\id90Travel_Challenge\\backend\\App\\Services\\HotelsService.php","line":20} []
[2023-11-03 19:29:34] errors.WARNING: E_WARNING: Array to string conversion {"code":2,"message":"Array to string conversion","file":"C:\\Users\\nahu9\\Tano\\Programming\\IDTravel\\id90Travel_Challenge\\backend\\App\\Services\\HotelsService.php","line":17} []
[2023-11-03 19:29:34] errors.WARNING: E_WARNING: Array to string conversion {"code":2,"message":"Array to string conversion","file":"C:\\Users\\nahu9\\Tano\\Programming\\IDTravel\\id90Travel_Challenge\\backend\\App\\Services\\HotelsService.php","line":17} []
[2023-11-03 19:29:34] errors.WARNING: E_WARNING: Undefined array key "airline" {"code":2,"message":"Undefined array key \"airline\"","file":"C:\\Users\\nahu9\\Tano\\Programming\\IDTravel\\id90Travel_Challenge\\backend\\App\\Services\\HotelsService.php","line":18} []
[2023-11-03 19:29:34] errors.WARNING: E_WARNING: Undefined array key "airline" {"code":2,"message":"Undefined array key \"airline\"","file":"C:\\Users\\nahu9\\Tano\\Programming\\IDTravel\\id90Travel_Challenge\\backend\\App\\Services\\HotelsService.php","line":18} []
[2023-11-03 19:29:34] errors.WARNING: E_WARNING: Undefined array key "username" {"code":2,"message":"Undefined array key \"username\"","file":"C:\\Users\\nahu9\\Tano\\Programming\\IDTravel\\id90Travel_Challenge\\backend\\App\\Services\\HotelsService.php","line":19} []
[2023-11-03 19:29:34] errors.WARNING: E_WARNING: Undefined array key "username" {"code":2,"message":"Undefined array key \"username\"","file":"C:\\Users\\nahu9\\Tano\\Programming\\IDTravel\\id90Travel_Challenge\\backend\\App\\Services\\HotelsService.php","line":19} []
[2023-11-03 19:29:34] errors.WARNING: E_WARNING: Undefined array key "password" {"code":2,"message":"Undefined array key \"password\"","file":"C:\\Users\\nahu9\\Tano\\Programming\\IDTravel\\id90Travel_Challenge\\backend\\App\\Services\\HotelsService.php","line":20} []
[2023-11-03 19:29:34] errors.WARNING: E_WARNING: Undefined array key "password" {"code":2,"message":"Undefined array key \"password\"","file":"C:\\Users\\nahu9\\Tano\\Programming\\IDTravel\\id90Travel_Challenge\\backend\\App\\Services\\HotelsService.php","line":20} []
[2023-11-03 19:29:46] errors.WARNING: E_WARNING: Undefined array key "airline" {"code":2,"message":"Undefined array key \"airline\"","file":"C:\\Users\\nahu9\\Tano\\Programming\\IDTravel\\id90Travel_Challenge\\backend\\App\\Services\\HotelsService.php","line":18} []
[2023-11-03 19:29:46] errors.WARNING: E_WARNING: Undefined array key "airline" {"code":2,"message":"Undefined array key \"airline\"","file":"C:\\Users\\nahu9\\Tano\\Programming\\IDTravel\\id90Travel_Challenge\\backend\\App\\Services\\HotelsService.php","line":18} []
[2023-11-03 19:29:46] errors.WARNING: E_WARNING: Undefined array key "username" {"code":2,"message":"Undefined array key \"username\"","file":"C:\\Users\\nahu9\\Tano\\Programming\\IDTravel\\id90Travel_Challenge\\backend\\App\\Services\\HotelsService.php","line":19} []
[2023-11-03 19:29:46] errors.WARNING: E_WARNING: Undefined array key "username" {"code":2,"message":"Undefined array key \"username\"","file":"C:\\Users\\nahu9\\Tano\\Programming\\IDTravel\\id90Travel_Challenge\\backend\\App\\Services\\HotelsService.php","line":19} []
[2023-11-03 19:29:46] errors.WARNING: E_WARNING: Undefined array key "password" {"code":2,"message":"Undefined array key \"password\"","file":"C:\\Users\\nahu9\\Tano\\Programming\\IDTravel\\id90Travel_Challenge\\backend\\App\\Services\\HotelsService.php","line":20} []
[2023-11-03 19:29:46] errors.WARNING: E_WARNING: Undefined array key "password" {"code":2,"message":"Undefined array key \"password\"","file":"C:\\Users\\nahu9\\Tano\\Programming\\IDTravel\\id90Travel_Challenge\\backend\\App\\Services\\HotelsService.php","line":20} []
[2023-11-03 19:30:36] errors.WARNING: E_WARNING: Array to string conversion {"code":2,"message":"Array to string conversion","file":"C:\\Users\\nahu9\\Tano\\Programming\\IDTravel\\id90Travel_Challenge\\backend\\App\\Lib\\Router.php","line":58} []
[2023-11-03 19:30:36] errors.WARNING: E_WARNING: Array to string conversion {"code":2,"message":"Array to string conversion","file":"C:\\Users\\nahu9\\Tano\\Programming\\IDTravel\\id90Travel_Challenge\\backend\\App\\Lib\\Router.php","line":58} []
[2023-11-03 19:30:36] errors.WARNING: E_WARNING: Undefined array key "airline" {"code":2,"message":"Undefined array key \"airline\"","file":"C:\\Users\\nahu9\\Tano\\Programming\\IDTravel\\id90Travel_Challenge\\backend\\App\\Services\\HotelsService.php","line":18} []
[2023-11-03 19:30:36] errors.WARNING: E_WARNING: Undefined array key "airline" {"code":2,"message":"Undefined array key \"airline\"","file":"C:\\Users\\nahu9\\Tano\\Programming\\IDTravel\\id90Travel_Challenge\\backend\\App\\Services\\HotelsService.php","line":18} []
[2023-11-03 19:30:36] errors.WARNING: E_WARNING: Undefined array key "username" {"code":2,"message":"Undefined array key \"username\"","file":"C:\\Users\\nahu9\\Tano\\Programming\\IDTravel\\id90Travel_Challenge\\backend\\App\\Services\\HotelsService.php","line":19} []
[2023-11-03 19:30:36] errors.WARNING: E_WARNING: Undefined array key "username" {"code":2,"message":"Undefined array key \"username\"","file":"C:\\Users\\nahu9\\Tano\\Programming\\IDTravel\\id90Travel_Challenge\\backend\\App\\Services\\HotelsService.php","line":19} []
[2023-11-03 19:30:36] errors.WARNING: E_WARNING: Undefined array key "password" {"code":2,"message":"Undefined array key \"password\"","file":"C:\\Users\\nahu9\\Tano\\Programming\\IDTravel\\id90Travel_Challenge\\backend\\App\\Services\\HotelsService.php","line":20} []
[2023-11-03 19:30:36] errors.WARNING: E_WARNING: Undefined array key "password" {"code":2,"message":"Undefined array key \"password\"","file":"C:\\Users\\nahu9\\Tano\\Programming\\IDTravel\\id90Travel_Challenge\\backend\\App\\Services\\HotelsService.php","line":20} []
[2023-11-03 19:30:48] errors.WARNING: E_WARNING: Undefined array key "airline" {"code":2,"message":"Undefined array key \"airline\"","file":"C:\\Users\\nahu9\\Tano\\Programming\\IDTravel\\id90Travel_Challenge\\backend\\App\\Services\\HotelsService.php","line":18} []
[2023-11-03 19:30:48] errors.WARNING: E_WARNING: Undefined array key "airline" {"code":2,"message":"Undefined array key \"airline\"","file":"C:\\Users\\nahu9\\Tano\\Programming\\IDTravel\\id90Travel_Challenge\\backend\\App\\Services\\HotelsService.php","line":18} []
[2023-11-03 19:30:48] errors.WARNING: E_WARNING: Undefined array key "username" {"code":2,"message":"Undefined array key \"username\"","file":"C:\\Users\\nahu9\\Tano\\Programming\\IDTravel\\id90Travel_Challenge\\backend\\App\\Services\\HotelsService.php","line":19} []
[2023-11-03 19:30:48] errors.WARNING: E_WARNING: Undefined array key "username" {"code":2,"message":"Undefined array key \"username\"","file":"C:\\Users\\nahu9\\Tano\\Programming\\IDTravel\\id90Travel_Challenge\\backend\\App\\Services\\HotelsService.php","line":19} []
[2023-11-03 19:30:48] errors.WARNING: E_WARNING: Undefined array key "password" {"code":2,"message":"Undefined array key \"password\"","file":"C:\\Users\\nahu9\\Tano\\Programming\\IDTravel\\id90Travel_Challenge\\backend\\App\\Services\\HotelsService.php","line":20} []
[2023-11-03 19:30:48] errors.WARNING: E_WARNING: Undefined array key "password" {"code":2,"message":"Undefined array key \"password\"","file":"C:\\Users\\nahu9\\Tano\\Programming\\IDTravel\\id90Travel_Challenge\\backend\\App\\Services\\HotelsService.php","line":20} []
[2023-11-03 19:31:08] errors.WARNING: E_WARNING: Undefined array key "airline" {"code":2,"message":"Undefined array key \"airline\"","file":"C:\\Users\\nahu9\\Tano\\Programming\\IDTravel\\id90Travel_Challenge\\backend\\App\\Services\\HotelsService.php","line":17} []
[2023-11-03 19:31:08] errors.WARNING: E_WARNING: Undefined array key "airline" {"code":2,"message":"Undefined array key \"airline\"","file":"C:\\Users\\nahu9\\Tano\\Programming\\IDTravel\\id90Travel_Challenge\\backend\\App\\Services\\HotelsService.php","line":17} []
[2023-11-03 19:31:08] errors.WARNING: E_WARNING: Undefined array key "username" {"code":2,"message":"Undefined array key \"username\"","file":"C:\\Users\\nahu9\\Tano\\Programming\\IDTravel\\id90Travel_Challenge\\backend\\App\\Services\\HotelsService.php","line":18} []
[2023-11-03 19:31:08] errors.WARNING: E_WARNING: Undefined array key "username" {"code":2,"message":"Undefined array key \"username\"","file":"C:\\Users\\nahu9\\Tano\\Programming\\IDTravel\\id90Travel_Challenge\\backend\\App\\Services\\HotelsService.php","line":18} []
[2023-11-03 19:31:08] errors.WARNING: E_WARNING: Undefined array key "password" {"code":2,"message":"Undefined array key \"password\"","file":"C:\\Users\\nahu9\\Tano\\Programming\\IDTravel\\id90Travel_Challenge\\backend\\App\\Services\\HotelsService.php","line":19} []
[2023-11-03 19:31:08] errors.WARNING: E_WARNING: Undefined array key "password" {"code":2,"message":"Undefined array key \"password\"","file":"C:\\Users\\nahu9\\Tano\\Programming\\IDTravel\\id90Travel_Challenge\\backend\\App\\Services\\HotelsService.php","line":19} []
[2023-11-03 19:33:03] errors.WARNING: E_WARNING: Array to string conversion {"code":2,"message":"Array to string conversion","file":"C:\\Users\\nahu9\\Tano\\Programming\\IDTravel\\id90Travel_Challenge\\backend\\App\\Lib\\Router.php","line":52} []
[2023-11-03 19:33:03] errors.WARNING: E_WARNING: Array to string conversion {"code":2,"message":"Array to string conversion","file":"C:\\Users\\nahu9\\Tano\\Programming\\IDTravel\\id90Travel_Challenge\\backend\\App\\Lib\\Router.php","line":52} []
[2023-11-03 19:33:03] errors.WARNING: E_WARNING: Undefined array key "airline" {"code":2,"message":"Undefined array key \"airline\"","file":"C:\\Users\\nahu9\\Tano\\Programming\\IDTravel\\id90Travel_Challenge\\backend\\App\\Services\\HotelsService.php","line":17} []
[2023-11-03 19:33:03] errors.WARNING: E_WARNING: Undefined array key "airline" {"code":2,"message":"Undefined array key \"airline\"","file":"C:\\Users\\nahu9\\Tano\\Programming\\IDTravel\\id90Travel_Challenge\\backend\\App\\Services\\HotelsService.php","line":17} []
[2023-11-03 19:33:03] errors.WARNING: E_WARNING: Undefined array key "username" {"code":2,"message":"Undefined array key \"username\"","file":"C:\\Users\\nahu9\\Tano\\Programming\\IDTravel\\id90Travel_Challenge\\backend\\App\\Services\\HotelsService.php","line":18} []
[2023-11-03 19:33:03] errors.WARNING: E_WARNING: Undefined array key "username" {"code":2,"message":"Undefined array key \"username\"","file":"C:\\Users\\nahu9\\Tano\\Programming\\IDTravel\\id90Travel_Challenge\\backend\\App\\Services\\HotelsService.php","line":18} []
[2023-11-03 19:33:03] errors.WARNING: E_WARNING: Undefined array key "password" {"code":2,"message":"Undefined array key \"password\"","file":"C:\\Users\\nahu9\\Tano\\Programming\\IDTravel\\id90Travel_Challenge\\backend\\App\\Services\\HotelsService.php","line":19} []
[2023-11-03 19:33:03] errors.WARNING: E_WARNING: Undefined array key "password" {"code":2,"message":"Undefined array key \"password\"","file":"C:\\Users\\nahu9\\Tano\\Programming\\IDTravel\\id90Travel_Challenge\\backend\\App\\Services\\HotelsService.php","line":19} []
[2023-11-03 19:33:14] errors.WARNING: E_WARNING: Undefined array key "airline" {"code":2,"message":"Undefined array key \"airline\"","file":"C:\\Users\\nahu9\\Tano\\Programming\\IDTravel\\id90Travel_Challenge\\backend\\App\\Services\\HotelsService.php","line":17} []
[2023-11-03 19:33:14] errors.WARNING: E_WARNING: Undefined array key "airline" {"code":2,"message":"Undefined array key \"airline\"","file":"C:\\Users\\nahu9\\Tano\\Programming\\IDTravel\\id90Travel_Challenge\\backend\\App\\Services\\HotelsService.php","line":17} []
[2023-11-03 19:33:14] errors.WARNING: E_WARNING: Undefined array key "username" {"code":2,"message":"Undefined array key \"username\"","file":"C:\\Users\\nahu9\\Tano\\Programming\\IDTravel\\id90Travel_Challenge\\backend\\App\\Services\\HotelsService.php","line":18} []
[2023-11-03 19:33:14] errors.WARNING: E_WARNING: Undefined array key "username" {"code":2,"message":"Undefined array key \"username\"","file":"C:\\Users\\nahu9\\Tano\\Programming\\IDTravel\\id90Travel_Challenge\\backend\\App\\Services\\HotelsService.php","line":18} []
[2023-11-03 19:33:14] errors.WARNING: E_WARNING: Undefined array key "password" {"code":2,"message":"Undefined array key \"password\"","file":"C:\\Users\\nahu9\\Tano\\Programming\\IDTravel\\id90Travel_Challenge\\backend\\App\\Services\\HotelsService.php","line":19} []
[2023-11-03 19:33:14] errors.WARNING: E_WARNING: Undefined array key "password" {"code":2,"message":"Undefined array key \"password\"","file":"C:\\Users\\nahu9\\Tano\\Programming\\IDTravel\\id90Travel_Challenge\\backend\\App\\Services\\HotelsService.php","line":19} []
[2023-11-03 19:34:09] errors.WARNING: E_WARNING: Undefined array key "airline" {"code":2,"message":"Undefined array key \"airline\"","file":"C:\\Users\\nahu9\\Tano\\Programming\\IDTravel\\id90Travel_Challenge\\backend\\App\\Services\\HotelsService.php","line":17} []
[2023-11-03 19:34:09] errors.WARNING: E_WARNING: Undefined array key "airline" {"code":2,"message":"Undefined array key \"airline\"","file":"C:\\Users\\nahu9\\Tano\\Programming\\IDTravel\\id90Travel_Challenge\\backend\\App\\Services\\HotelsService.php","line":17} []
[2023-11-03 19:34:09] errors.WARNING: E_WARNING: Undefined array key "username" {"code":2,"message":"Undefined array key \"username\"","file":"C:\\Users\\nahu9\\Tano\\Programming\\IDTravel\\id90Travel_Challenge\\backend\\App\\Services\\HotelsService.php","line":18} []
[2023-11-03 19:34:09] errors.WARNING: E_WARNING: Undefined array key "username" {"code":2,"message":"Undefined array key \"username\"","file":"C:\\Users\\nahu9\\Tano\\Programming\\IDTravel\\id90Travel_Challenge\\backend\\App\\Services\\HotelsService.php","line":18} []
[2023-11-03 19:34:09] errors.WARNING: E_WARNING: Undefined array key "password" {"code":2,"message":"Undefined array key \"password\"","file":"C:\\Users\\nahu9\\Tano\\Programming\\IDTravel\\id90Travel_Challenge\\backend\\App\\Services\\HotelsService.php","line":19} []
[2023-11-03 19:34:09] errors.WARNING: E_WARNING: Undefined array key "password" {"code":2,"message":"Undefined array key \"password\"","file":"C:\\Users\\nahu9\\Tano\\Programming\\IDTravel\\id90Travel_Challenge\\backend\\App\\Services\\HotelsService.php","line":19} []
[2023-11-03 19:37:53] errors.WARNING: E_WARNING: Undefined array key "username" {"code":2,"message":"Undefined array key \"username\"","file":"C:\\Users\\nahu9\\Tano\\Programming\\IDTravel\\id90Travel_Challenge\\backend\\App\\Services\\HotelsService.php","line":18} []
[2023-11-03 19:37:53] errors.WARNING: E_WARNING: Undefined array key "username" {"code":2,"message":"Undefined array key \"username\"","file":"C:\\Users\\nahu9\\Tano\\Programming\\IDTravel\\id90Travel_Challenge\\backend\\App\\Services\\HotelsService.php","line":18} []
[2023-11-03 19:37:53] errors.WARNING: E_WARNING: Undefined array key "password" {"code":2,"message":"Undefined array key \"password\"","file":"C:\\Users\\nahu9\\Tano\\Programming\\IDTravel\\id90Travel_Challenge\\backend\\App\\Services\\HotelsService.php","line":19} []
[2023-11-03 19:37:53] errors.WARNING: E_WARNING: Undefined array key "password" {"code":2,"message":"Undefined array key \"password\"","file":"C:\\Users\\nahu9\\Tano\\Programming\\IDTravel\\id90Travel_Challenge\\backend\\App\\Services\\HotelsService.php","line":19} []
[2023-11-03 19:38:55] errors.WARNING: E_WARNING: Undefined array key "username" {"code":2,"message":"Undefined array key \"username\"","file":"C:\\Users\\nahu9\\Tano\\Programming\\IDTravel\\id90Travel_Challenge\\backend\\App\\Services\\HotelsService.php","line":17} []
[2023-11-03 19:38:55] errors.WARNING: E_WARNING: Undefined array key "username" {"code":2,"message":"Undefined array key \"username\"","file":"C:\\Users\\nahu9\\Tano\\Programming\\IDTravel\\id90Travel_Challenge\\backend\\App\\Services\\HotelsService.php","line":17} []
[2023-11-03 19:38:55] errors.WARNING: E_WARNING: Undefined array key "password" {"code":2,"message":"Undefined array key \"password\"","file":"C:\\Users\\nahu9\\Tano\\Programming\\IDTravel\\id90Travel_Challenge\\backend\\App\\Services\\HotelsService.php","line":18} []
[2023-11-03 19:38:55] errors.WARNING: E_WARNING: Undefined array key "password" {"code":2,"message":"Undefined array key \"password\"","file":"C:\\Users\\nahu9\\Tano\\Programming\\IDTravel\\id90Travel_Challenge\\backend\\App\\Services\\HotelsService.php","line":18} []
[2023-11-03 19:39:24] errors.WARNING: E_WARNING: Undefined array key "username" {"code":2,"message":"Undefined array key \"username\"","file":"C:\\Users\\nahu9\\Tano\\Programming\\IDTravel\\id90Travel_Challenge\\backend\\App\\Services\\HotelsService.php","line":17} []
[2023-11-03 19:39:24] errors.WARNING: E_WARNING: Undefined array key "username" {"code":2,"message":"Undefined array key \"username\"","file":"C:\\Users\\nahu9\\Tano\\Programming\\IDTravel\\id90Travel_Challenge\\backend\\App\\Services\\HotelsService.php","line":17} []
[2023-11-03 19:39:24] errors.WARNING: E_WARNING: Undefined array key "password" {"code":2,"message":"Undefined array key \"password\"","file":"C:\\Users\\nahu9\\Tano\\Programming\\IDTravel\\id90Travel_Challenge\\backend\\App\\Services\\HotelsService.php","line":18} []
[2023-11-03 19:39:24] errors.WARNING: E_WARNING: Undefined array key "password" {"code":2,"message":"Undefined array key \"password\"","file":"C:\\Users\\nahu9\\Tano\\Programming\\IDTravel\\id90Travel_Challenge\\backend\\App\\Services\\HotelsService.php","line":18} []
[2023-11-03 19:40:40] errors.WARNING: E_WARNING: Undefined array key "username" {"code":2,"message":"Undefined array key \"username\"","file":"C:\\Users\\nahu9\\Tano\\Programming\\IDTravel\\id90Travel_Challenge\\backend\\App\\Services\\HotelsService.php","line":17} []
[2023-11-03 19:40:40] errors.WARNING: E_WARNING: Undefined array key "username" {"code":2,"message":"Undefined array key \"username\"","file":"C:\\Users\\nahu9\\Tano\\Programming\\IDTravel\\id90Travel_Challenge\\backend\\App\\Services\\HotelsService.php","line":17} []
[2023-11-03 19:40:40] errors.WARNING: E_WARNING: Undefined array key "password" {"code":2,"message":"Undefined array key \"password\"","file":"C:\\Users\\nahu9\\Tano\\Programming\\IDTravel\\id90Travel_Challenge\\backend\\App\\Services\\HotelsService.php","line":18} []
[2023-11-03 19:40:40] errors.WARNING: E_WARNING: Undefined array key "password" {"code":2,"message":"Undefined array key \"password\"","file":"C:\\Users\\nahu9\\Tano\\Programming\\IDTravel\\id90Travel_Challenge\\backend\\App\\Services\\HotelsService.php","line":18} []
[2023-11-03 19:41:44] errors.WARNING: E_WARNING: Undefined array key "username" {"code":2,"message":"Undefined array key \"username\"","file":"C:\\Users\\nahu9\\Tano\\Programming\\IDTravel\\id90Travel_Challenge\\backend\\App\\Services\\HotelsService.php","line":17} []
[2023-11-03 19:41:44] errors.WARNING: E_WARNING: Undefined array key "username" {"code":2,"message":"Undefined array key \"username\"","file":"C:\\Users\\nahu9\\Tano\\Programming\\IDTravel\\id90Travel_Challenge\\backend\\App\\Services\\HotelsService.php","line":17} []
[2023-11-03 19:41:44] errors.WARNING: E_WARNING: Undefined array key "password" {"code":2,"message":"Undefined array key \"password\"","file":"C:\\Users\\nahu9\\Tano\\Programming\\IDTravel\\id90Travel_Challenge\\backend\\App\\Services\\HotelsService.php","line":18} []
[2023-11-03 19:41:44] errors.WARNING: E_WARNING: Undefined array key "password" {"code":2,"message":"Undefined array key \"password\"","file":"C:\\Users\\nahu9\\Tano\\Programming\\IDTravel\\id90Travel_Challenge\\backend\\App\\Services\\HotelsService.php","line":18} []
[2023-11-03 19:41:46] errors.WARNING: E_WARNING: Undefined array key "username" {"code":2,"message":"Undefined array key \"username\"","file":"C:\\Users\\nahu9\\Tano\\Programming\\IDTravel\\id90Travel_Challenge\\backend\\App\\Services\\HotelsService.php","line":17} []
[2023-11-03 19:41:46] errors.WARNING: E_WARNING: Undefined array key "username" {"code":2,"message":"Undefined array key \"username\"","file":"C:\\Users\\nahu9\\Tano\\Programming\\IDTravel\\id90Travel_Challenge\\backend\\App\\Services\\HotelsService.php","line":17} []
[2023-11-03 19:41:46] errors.WARNING: E_WARNING: Undefined array key "password" {"code":2,"message":"Undefined array key \"password\"","file":"C:\\Users\\nahu9\\Tano\\Programming\\IDTravel\\id90Travel_Challenge\\backend\\App\\Services\\HotelsService.php","line":18} []
[2023-11-03 19:41:46] errors.WARNING: E_WARNING: Undefined array key "password" {"code":2,"message":"Undefined array key \"password\"","file":"C:\\Users\\nahu9\\Tano\\Programming\\IDTravel\\id90Travel_Challenge\\backend\\App\\Services\\HotelsService.php","line":18} []
[2023-11-03 19:42:29] errors.WARNING: E_WARNING: Undefined array key "username" {"code":2,"message":"Undefined array key \"username\"","file":"C:\\Users\\nahu9\\Tano\\Programming\\IDTravel\\id90Travel_Challenge\\backend\\App\\Services\\HotelsService.php","line":17} []
[2023-11-03 19:42:29] errors.WARNING: E_WARNING: Undefined array key "username" {"code":2,"message":"Undefined array key \"username\"","file":"C:\\Users\\nahu9\\Tano\\Programming\\IDTravel\\id90Travel_Challenge\\backend\\App\\Services\\HotelsService.php","line":17} []
[2023-11-03 19:42:29] errors.WARNING: E_WARNING: Undefined array key "password" {"code":2,"message":"Undefined array key \"password\"","file":"C:\\Users\\nahu9\\Tano\\Programming\\IDTravel\\id90Travel_Challenge\\backend\\App\\Services\\HotelsService.php","line":18} []
[2023-11-03 19:42:29] errors.WARNING: E_WARNING: Undefined array key "password" {"code":2,"message":"Undefined array key \"password\"","file":"C:\\Users\\nahu9\\Tano\\Programming\\IDTravel\\id90Travel_Challenge\\backend\\App\\Services\\HotelsService.php","line":18} []
[2023-11-03 19:45:28] errors.WARNING: E_WARNING: Undefined array key "username" {"code":2,"message":"Undefined array key \"username\"","file":"C:\\Users\\nahu9\\Tano\\Programming\\IDTravel\\id90Travel_Challenge\\backend\\App\\Services\\HotelsService.php","line":17} []
[2023-11-03 19:45:28] errors.WARNING: E_WARNING: Undefined array key "username" {"code":2,"message":"Undefined array key \"username\"","file":"C:\\Users\\nahu9\\Tano\\Programming\\IDTravel\\id90Travel_Challenge\\backend\\App\\Services\\HotelsService.php","line":17} []
[2023-11-03 19:45:28] errors.WARNING: E_WARNING: Undefined array key "password" {"code":2,"message":"Undefined array key \"password\"","file":"C:\\Users\\nahu9\\Tano\\Programming\\IDTravel\\id90Travel_Challenge\\backend\\App\\Services\\HotelsService.php","line":18} []
[2023-11-03 19:45:28] errors.WARNING: E_WARNING: Undefined array key "password" {"code":2,"message":"Undefined array key \"password\"","file":"C:\\Users\\nahu9\\Tano\\Programming\\IDTravel\\id90Travel_Challenge\\backend\\App\\Services\\HotelsService.php","line":18} []
[2023-11-03 19:45:38] errors.WARNING: E_WARNING: Undefined array key "username" {"code":2,"message":"Undefined array key \"username\"","file":"C:\\Users\\nahu9\\Tano\\Programming\\IDTravel\\id90Travel_Challenge\\backend\\App\\Services\\HotelsService.php","line":17} []
[2023-11-03 19:45:38] errors.WARNING: E_WARNING: Undefined array key "username" {"code":2,"message":"Undefined array key \"username\"","file":"C:\\Users\\nahu9\\Tano\\Programming\\IDTravel\\id90Travel_Challenge\\backend\\App\\Services\\HotelsService.php","line":17} []
[2023-11-03 19:45:38] errors.WARNING: E_WARNING: Undefined array key "password" {"code":2,"message":"Undefined array key \"password\"","file":"C:\\Users\\nahu9\\Tano\\Programming\\IDTravel\\id90Travel_Challenge\\backend\\App\\Services\\HotelsService.php","line":18} []
[2023-11-03 19:45:38] errors.WARNING: E_WARNING: Undefined array key "password" {"code":2,"message":"Undefined array key \"password\"","file":"C:\\Users\\nahu9\\Tano\\Programming\\IDTravel\\id90Travel_Challenge\\backend\\App\\Services\\HotelsService.php","line":18} []
[2023-11-03 19:47:58] errors.WARNING: E_WARNING: Undefined array key "username" {"code":2,"message":"Undefined array key \"username\"","file":"C:\\Users\\nahu9\\Tano\\Programming\\IDTravel\\id90Travel_Challenge\\backend\\App\\Services\\HotelsService.php","line":18} []
[2023-11-03 19:47:58] errors.WARNING: E_WARNING: Undefined array key "username" {"code":2,"message":"Undefined array key \"username\"","file":"C:\\Users\\nahu9\\Tano\\Programming\\IDTravel\\id90Travel_Challenge\\backend\\App\\Services\\HotelsService.php","line":18} []
[2023-11-03 19:47:58] errors.WARNING: E_WARNING: Undefined array key "password" {"code":2,"message":"Undefined array key \"password\"","file":"C:\\Users\\nahu9\\Tano\\Programming\\IDTravel\\id90Travel_Challenge\\backend\\App\\Services\\HotelsService.php","line":19} []
[2023-11-03 19:47:58] errors.WARNING: E_WARNING: Undefined array key "password" {"code":2,"message":"Undefined array key \"password\"","file":"C:\\Users\\nahu9\\Tano\\Programming\\IDTravel\\id90Travel_Challenge\\backend\\App\\Services\\HotelsService.php","line":19} []
[2023-11-03 19:48:06] errors.WARNING: E_WARNING: Undefined array key "username" {"code":2,"message":"Undefined array key \"username\"","file":"C:\\Users\\nahu9\\Tano\\Programming\\IDTravel\\id90Travel_Challenge\\backend\\App\\Services\\HotelsService.php","line":18} []
[2023-11-03 19:48:06] errors.WARNING: E_WARNING: Undefined array key "username" {"code":2,"message":"Undefined array key \"username\"","file":"C:\\Users\\nahu9\\Tano\\Programming\\IDTravel\\id90Travel_Challenge\\backend\\App\\Services\\HotelsService.php","line":18} []
[2023-11-03 19:48:06] errors.WARNING: E_WARNING: Undefined array key "password" {"code":2,"message":"Undefined array key \"password\"","file":"C:\\Users\\nahu9\\Tano\\Programming\\IDTravel\\id90Travel_Challenge\\backend\\App\\Services\\HotelsService.php","line":19} []
[2023-11-03 19:48:06] errors.WARNING: E_WARNING: Undefined array key "password" {"code":2,"message":"Undefined array key \"password\"","file":"C:\\Users\\nahu9\\Tano\\Programming\\IDTravel\\id90Travel_Challenge\\backend\\App\\Services\\HotelsService.php","line":19} []
[2023-11-03 19:53:32] errors.WARNING: E_WARNING: Array to string conversion {"code":2,"message":"Array to string conversion","file":"C:\\Users\\nahu9\\Tano\\Programming\\IDTravel\\id90Travel_Challenge\\backend\\App\\Lib\\Router.php","line":44} []
[2023-11-03 19:53:32] errors.WARNING: E_WARNING: Array to string conversion {"code":2,"message":"Array to string conversion","file":"C:\\Users\\nahu9\\Tano\\Programming\\IDTravel\\id90Travel_Challenge\\backend\\App\\Lib\\Router.php","line":44} []
[2023-11-03 19:53:32] errors.WARNING: E_WARNING: Array to string conversion {"code":2,"message":"Array to string conversion","file":"C:\\Users\\nahu9\\Tano\\Programming\\IDTravel\\id90Travel_Challenge\\backend\\App\\Lib\\Router.php","line":49} []
[2023-11-03 19:53:32] errors.WARNING: E_WARNING: Array to string conversion {"code":2,"message":"Array to string conversion","file":"C:\\Users\\nahu9\\Tano\\Programming\\IDTravel\\id90Travel_Challenge\\backend\\App\\Lib\\Router.php","line":49} []
[2023-11-03 19:53:32] errors.WARNING: E_WARNING: Array to string conversion {"code":2,"message":"Array to string conversion","file":"C:\\Users\\nahu9\\Tano\\Programming\\IDTravel\\id90Travel_Challenge\\backend\\App\\Lib\\Router.php","line":44} []
[2023-11-03 19:53:32] errors.WARNING: E_WARNING: Array to string conversion {"code":2,"message":"Array to string conversion","file":"C:\\Users\\nahu9\\Tano\\Programming\\IDTravel\\id90Travel_Challenge\\backend\\App\\Lib\\Router.php","line":44} []
[2023-11-03 19:53:32] errors.WARNING: E_WARNING: Array to string conversion {"code":2,"message":"Array to string conversion","file":"C:\\Users\\nahu9\\Tano\\Programming\\IDTravel\\id90Travel_Challenge\\backend\\App\\Lib\\Router.php","line":49} []
[2023-11-03 19:53:32] errors.WARNING: E_WARNING: Array to string conversion {"code":2,"message":"Array to string conversion","file":"C:\\Users\\nahu9\\Tano\\Programming\\IDTravel\\id90Travel_Challenge\\backend\\App\\Lib\\Router.php","line":49} []
[2023-11-03 19:53:32] errors.WARNING: E_WARNING: Array to string conversion {"code":2,"message":"Array to string conversion","file":"C:\\Users\\nahu9\\Tano\\Programming\\IDTravel\\id90Travel_Challenge\\backend\\App\\Lib\\Router.php","line":44} []
[2023-11-03 19:53:32] errors.WARNING: E_WARNING: Array to string conversion {"code":2,"message":"Array to string conversion","file":"C:\\Users\\nahu9\\Tano\\Programming\\IDTravel\\id90Travel_Challenge\\backend\\App\\Lib\\Router.php","line":44} []
[2023-11-03 19:53:32] errors.WARNING: E_WARNING: Array to string conversion {"code":2,"message":"Array to string conversion","file":"C:\\Users\\nahu9\\Tano\\Programming\\IDTravel\\id90Travel_Challenge\\backend\\App\\Lib\\Router.php","line":49} []
[2023-11-03 19:53:32] errors.WARNING: E_WARNING: Array to string conversion {"code":2,"message":"Array to string conversion","file":"C:\\Users\\nahu9\\Tano\\Programming\\IDTravel\\id90Travel_Challenge\\backend\\App\\Lib\\Router.php","line":49} []
[2023-11-03 19:53:32] errors.WARNING: E_WARNING: Array to string conversion {"code":2,"message":"Array to string conversion","file":"C:\\Users\\nahu9\\Tano\\Programming\\IDTravel\\id90Travel_Challenge\\backend\\App\\Lib\\Router.php","line":44} []
[2023-11-03 19:53:32] errors.WARNING: E_WARNING: Array to string conversion {"code":2,"message":"Array to string conversion","file":"C:\\Users\\nahu9\\Tano\\Programming\\IDTravel\\id90Travel_Challenge\\backend\\App\\Lib\\Router.php","line":44} []
[2023-11-03 19:53:32] errors.WARNING: E_WARNING: Array to string conversion {"code":2,"message":"Array to string conversion","file":"C:\\Users\\nahu9\\Tano\\Programming\\IDTravel\\id90Travel_Challenge\\backend\\App\\Lib\\Router.php","line":49} []
[2023-11-03 19:53:32] errors.WARNING: E_WARNING: Array to string conversion {"code":2,"message":"Array to string conversion","file":"C:\\Users\\nahu9\\Tano\\Programming\\IDTravel\\id90Travel_Challenge\\backend\\App\\Lib\\Router.php","line":49} []
[2023-11-03 19:53:32] errors.WARNING: E_WARNING: Array to string conversion {"code":2,"message":"Array to string conversion","file":"C:\\Users\\nahu9\\Tano\\Programming\\IDTravel\\id90Travel_Challenge\\backend\\App\\Lib\\Router.php","line":44} []
[2023-11-03 19:53:32] errors.WARNING: E_WARNING: Array to string conversion {"code":2,"message":"Array to string conversion","file":"C:\\Users\\nahu9\\Tano\\Programming\\IDTravel\\id90Travel_Challenge\\backend\\App\\Lib\\Router.php","line":44} []
[2023-11-03 19:53:32] errors.WARNING: E_WARNING: Array to string conversion {"code":2,"message":"Array to string conversion","file":"C:\\Users\\nahu9\\Tano\\Programming\\IDTravel\\id90Travel_Challenge\\backend\\App\\Lib\\Router.php","line":49} []
[2023-11-03 19:53:32] errors.WARNING: E_WARNING: Array to string conversion {"code":2,"message":"Array to string conversion","file":"C:\\Users\\nahu9\\Tano\\Programming\\IDTravel\\id90Travel_Challenge\\backend\\App\\Lib\\Router.php","line":49} []
[2023-11-03 19:53:44] errors.WARNING: E_WARNING: Array to string conversion {"code":2,"message":"Array to string conversion","file":"C:\\Users\\nahu9\\Tano\\Programming\\IDTravel\\id90Travel_Challenge\\backend\\App\\Lib\\Router.php","line":45} []
[2023-11-03 19:53:44] errors.WARNING: E_WARNING: Array to string conversion {"code":2,"message":"Array to string conversion","file":"C:\\Users\\nahu9\\Tano\\Programming\\IDTravel\\id90Travel_Challenge\\backend\\App\\Lib\\Router.php","line":45} []
[2023-11-03 19:53:44] errors.WARNING: E_WARNING: Array to string conversion {"code":2,"message":"Array to string conversion","file":"C:\\Users\\nahu9\\Tano\\Programming\\IDTravel\\id90Travel_Challenge\\backend\\App\\Lib\\Router.php","line":50} []
[2023-11-03 19:53:44] errors.WARNING: E_WARNING: Array to string conversion {"code":2,"message":"Array to string conversion","file":"C:\\Users\\nahu9\\Tano\\Programming\\IDTravel\\id90Travel_Challenge\\backend\\App\\Lib\\Router.php","line":50} []
[2023-11-03 19:53:44] errors.WARNING: E_WARNING: Array to string conversion {"code":2,"message":"Array to string conversion","file":"C:\\Users\\nahu9\\Tano\\Programming\\IDTravel\\id90Travel_Challenge\\backend\\App\\Lib\\Router.php","line":45} []
[2023-11-03 19:53:44] errors.WARNING: E_WARNING: Array to string conversion {"code":2,"message":"Array to string conversion","file":"C:\\Users\\nahu9\\Tano\\Programming\\IDTravel\\id90Travel_Challenge\\backend\\App\\Lib\\Router.php","line":45} []
[2023-11-03 19:53:44] errors.WARNING: E_WARNING: Array to string conversion {"code":2,"message":"Array to string conversion","file":"C:\\Users\\nahu9\\Tano\\Programming\\IDTravel\\id90Travel_Challenge\\backend\\App\\Lib\\Router.php","line":50} []
[2023-11-03 19:53:44] errors.WARNING: E_WARNING: Array to string conversion {"code":2,"message":"Array to string conversion","file":"C:\\Users\\nahu9\\Tano\\Programming\\IDTravel\\id90Travel_Challenge\\backend\\App\\Lib\\Router.php","line":50} []
[2023-11-03 19:53:44] errors.WARNING: E_WARNING: Array to string conversion {"code":2,"message":"Array to string conversion","file":"C:\\Users\\nahu9\\Tano\\Programming\\IDTravel\\id90Travel_Challenge\\backend\\App\\Lib\\Router.php","line":45} []
[2023-11-03 19:53:44] errors.WARNING: E_WARNING: Array to string conversion {"code":2,"message":"Array to string conversion","file":"C:\\Users\\nahu9\\Tano\\Programming\\IDTravel\\id90Travel_Challenge\\backend\\App\\Lib\\Router.php","line":45} []
[2023-11-03 19:53:44] errors.WARNING: E_WARNING: Array to string conversion {"code":2,"message":"Array to string conversion","file":"C:\\Users\\nahu9\\Tano\\Programming\\IDTravel\\id90Travel_Challenge\\backend\\App\\Lib\\Router.php","line":50} []
[2023-11-03 19:53:44] errors.WARNING: E_WARNING: Array to string conversion {"code":2,"message":"Array to string conversion","file":"C:\\Users\\nahu9\\Tano\\Programming\\IDTravel\\id90Travel_Challenge\\backend\\App\\Lib\\Router.php","line":50} []
[2023-11-03 19:53:44] errors.WARNING: E_WARNING: Array to string conversion {"code":2,"message":"Array to string conversion","file":"C:\\Users\\nahu9\\Tano\\Programming\\IDTravel\\id90Travel_Challenge\\backend\\App\\Lib\\Router.php","line":45} []
[2023-11-03 19:53:44] errors.WARNING: E_WARNING: Array to string conversion {"code":2,"message":"Array to string conversion","file":"C:\\Users\\nahu9\\Tano\\Programming\\IDTravel\\id90Travel_Challenge\\backend\\App\\Lib\\Router.php","line":45} []
[2023-11-03 19:53:44] errors.WARNING: E_WARNING: Array to string conversion {"code":2,"message":"Array to string conversion","file":"C:\\Users\\nahu9\\Tano\\Programming\\IDTravel\\id90Travel_Challenge\\backend\\App\\Lib\\Router.php","line":50} []
[2023-11-03 19:53:44] errors.WARNING: E_WARNING: Array to string conversion {"code":2,"message":"Array to string conversion","file":"C:\\Users\\nahu9\\Tano\\Programming\\IDTravel\\id90Travel_Challenge\\backend\\App\\Lib\\Router.php","line":50} []
[2023-11-03 19:53:44] errors.WARNING: E_WARNING: Array to string conversion {"code":2,"message":"Array to string conversion","file":"C:\\Users\\nahu9\\Tano\\Programming\\IDTravel\\id90Travel_Challenge\\backend\\App\\Lib\\Router.php","line":45} []
[2023-11-03 19:53:44] errors.WARNING: E_WARNING: Array to string conversion {"code":2,"message":"Array to string conversion","file":"C:\\Users\\nahu9\\Tano\\Programming\\IDTravel\\id90Travel_Challenge\\backend\\App\\Lib\\Router.php","line":45} []
[2023-11-03 19:53:44] errors.WARNING: E_WARNING: Array to string conversion {"code":2,"message":"Array to string conversion","file":"C:\\Users\\nahu9\\Tano\\Programming\\IDTravel\\id90Travel_Challenge\\backend\\App\\Lib\\Router.php","line":50} []
[2023-11-03 19:53:44] errors.WARNING: E_WARNING: Array to string conversion {"code":2,"message":"Array to string conversion","file":"C:\\Users\\nahu9\\Tano\\Programming\\IDTravel\\id90Travel_Challenge\\backend\\App\\Lib\\Router.php","line":50} []
[2023-11-03 19:53:58] errors.WARNING: E_WARNING: Array to string conversion {"code":2,"message":"Array to string conversion","file":"C:\\Users\\nahu9\\Tano\\Programming\\IDTravel\\id90Travel_Challenge\\backend\\App\\Lib\\Router.php","line":50} []
[2023-11-03 19:53:58] errors.WARNING: E_WARNING: Array to string conversion {"code":2,"message":"Array to string conversion","file":"C:\\Users\\nahu9\\Tano\\Programming\\IDTravel\\id90Travel_Challenge\\backend\\App\\Lib\\Router.php","line":50} []
[2023-11-03 19:53:58] errors.WARNING: E_WARNING: Array to string conversion {"code":2,"message":"Array to string conversion","file":"C:\\Users\\nahu9\\Tano\\Programming\\IDTravel\\id90Travel_Challenge\\backend\\App\\Lib\\Router.php","line":50} []
[2023-11-03 19:53:58] errors.WARNING: E_WARNING: Array to string conversion {"code":2,"message":"Array to string conversion","file":"C:\\Users\\nahu9\\Tano\\Programming\\IDTravel\\id90Travel_Challenge\\backend\\App\\Lib\\Router.php","line":50} []
[2023-11-03 19:53:58] errors.WARNING: E_WARNING: Array to string conversion {"code":2,"message":"Array to string conversion","file":"C:\\Users\\nahu9\\Tano\\Programming\\IDTravel\\id90Travel_Challenge\\backend\\App\\Lib\\Router.php","line":50} []
[2023-11-03 19:53:58] errors.WARNING: E_WARNING: Array to string conversion {"code":2,"message":"Array to string conversion","file":"C:\\Users\\nahu9\\Tano\\Programming\\IDTravel\\id90Travel_Challenge\\backend\\App\\Lib\\Router.php","line":50} []
[2023-11-03 19:53:58] errors.WARNING: E_WARNING: Array to string conversion {"code":2,"message":"Array to string conversion","file":"C:\\Users\\nahu9\\Tano\\Programming\\IDTravel\\id90Travel_Challenge\\backend\\App\\Lib\\Router.php","line":50} []
[2023-11-03 19:53:58] errors.WARNING: E_WARNING: Array to string conversion {"code":2,"message":"Array to string conversion","file":"C:\\Users\\nahu9\\Tano\\Programming\\IDTravel\\id90Travel_Challenge\\backend\\App\\Lib\\Router.php","line":50} []
[2023-11-03 19:53:58] errors.WARNING: E_WARNING: Array to string conversion {"code":2,"message":"Array to string conversion","file":"C:\\Users\\nahu9\\Tano\\Programming\\IDTravel\\id90Travel_Challenge\\backend\\App\\Lib\\Router.php","line":50} []
[2023-11-03 19:53:58] errors.WARNING: E_WARNING: Array to string conversion {"code":2,"message":"Array to string conversion","file":"C:\\Users\\nahu9\\Tano\\Programming\\IDTravel\\id90Travel_Challenge\\backend\\App\\Lib\\Router.php","line":50} []
[2023-11-03 19:54:34] errors.WARNING: E_WARNING: Array to string conversion {"code":2,"message":"Array to string conversion","file":"C:\\Users\\nahu9\\Tano\\Programming\\IDTravel\\id90Travel_Challenge\\backend\\App\\Lib\\Router.php","line":48} []
[2023-11-03 19:54:34] errors.WARNING: E_WARNING: Array to string conversion {"code":2,"message":"Array to string conversion","file":"C:\\Users\\nahu9\\Tano\\Programming\\IDTravel\\id90Travel_Challenge\\backend\\App\\Lib\\Router.php","line":48} []
[2023-11-03 19:54:34] errors.WARNING: E_WARNING: Array to string conversion {"code":2,"message":"Array to string conversion","file":"C:\\Users\\nahu9\\Tano\\Programming\\IDTravel\\id90Travel_Challenge\\backend\\App\\Lib\\Router.php","line":48} []
[2023-11-03 19:54:34] errors.WARNING: E_WARNING: Array to string conversion {"code":2,"message":"Array to string conversion","file":"C:\\Users\\nahu9\\Tano\\Programming\\IDTravel\\id90Travel_Challenge\\backend\\App\\Lib\\Router.php","line":48} []
[2023-11-03 19:54:34] errors.WARNING: E_WARNING: Array to string conversion {"code":2,"message":"Array to string conversion","file":"C:\\Users\\nahu9\\Tano\\Programming\\IDTravel\\id90Travel_Challenge\\backend\\App\\Lib\\Router.php","line":48} []
[2023-11-03 19:54:34] errors.WARNING: E_WARNING: Array to string conversion {"code":2,"message":"Array to string conversion","file":"C:\\Users\\nahu9\\Tano\\Programming\\IDTravel\\id90Travel_Challenge\\backend\\App\\Lib\\Router.php","line":48} []
[2023-11-03 19:54:34] errors.WARNING: E_WARNING: Array to string conversion {"code":2,"message":"Array to string conversion","file":"C:\\Users\\nahu9\\Tano\\Programming\\IDTravel\\id90Travel_Challenge\\backend\\App\\Lib\\Router.php","line":48} []
[2023-11-03 19:54:34] errors.WARNING: E_WARNING: Array to string conversion {"code":2,"message":"Array to string conversion","file":"C:\\Users\\nahu9\\Tano\\Programming\\IDTravel\\id90Travel_Challenge\\backend\\App\\Lib\\Router.php","line":48} []
[2023-11-03 19:54:34] errors.WARNING: E_WARNING: Array to string conversion {"code":2,"message":"Array to string conversion","file":"C:\\Users\\nahu9\\Tano\\Programming\\IDTravel\\id90Travel_Challenge\\backend\\App\\Lib\\Router.php","line":48} []
[2023-11-03 19:54:34] errors.WARNING: E_WARNING: Array to string conversion {"code":2,"message":"Array to string conversion","file":"C:\\Users\\nahu9\\Tano\\Programming\\IDTravel\\id90Travel_Challenge\\backend\\App\\Lib\\Router.php","line":48} []
[2023-11-03 19:55:05] errors.WARNING: E_WARNING: Array to string conversion {"code":2,"message":"Array to string conversion","file":"C:\\Users\\nahu9\\Tano\\Programming\\IDTravel\\id90Travel_Challenge\\backend\\App\\Lib\\Router.php","line":48} []
[2023-11-03 19:55:05] errors.WARNING: E_WARNING: Array to string conversion {"code":2,"message":"Array to string conversion","file":"C:\\Users\\nahu9\\Tano\\Programming\\IDTravel\\id90Travel_Challenge\\backend\\App\\Lib\\Router.php","line":48} []
[2023-11-03 19:55:05] errors.WARNING: E_WARNING: Array to string conversion {"code":2,"message":"Array to string conversion","file":"C:\\Users\\nahu9\\Tano\\Programming\\IDTravel\\id90Travel_Challenge\\backend\\App\\Lib\\Router.php","line":48} []
[2023-11-03 19:55:05] errors.WARNING: E_WARNING: Array to string conversion {"code":2,"message":"Array to string conversion","file":"C:\\Users\\nahu9\\Tano\\Programming\\IDTravel\\id90Travel_Challenge\\backend\\App\\Lib\\Router.php","line":48} []
[2023-11-03 19:55:05] errors.WARNING: E_WARNING: Array to string conversion {"code":2,"message":"Array to string conversion","file":"C:\\Users\\nahu9\\Tano\\Programming\\IDTravel\\id90Travel_Challenge\\backend\\App\\Lib\\Router.php","line":48} []
[2023-11-03 19:55:05] errors.WARNING: E_WARNING: Array to string conversion {"code":2,"message":"Array to string conversion","file":"C:\\Users\\nahu9\\Tano\\Programming\\IDTravel\\id90Travel_Challenge\\backend\\App\\Lib\\Router.php","line":48} []
[2023-11-03 19:55:05] errors.WARNING: E_WARNING: Array to string conversion {"code":2,"message":"Array to string conversion","file":"C:\\Users\\nahu9\\Tano\\Programming\\IDTravel\\id90Travel_Challenge\\backend\\App\\Lib\\Router.php","line":48} []
[2023-11-03 19:55:05] errors.WARNING: E_WARNING: Array to string conversion {"code":2,"message":"Array to string conversion","file":"C:\\Users\\nahu9\\Tano\\Programming\\IDTravel\\id90Travel_Challenge\\backend\\App\\Lib\\Router.php","line":48} []
[2023-11-03 19:55:05] errors.WARNING: E_WARNING: Array to string conversion {"code":2,"message":"Array to string conversion","file":"C:\\Users\\nahu9\\Tano\\Programming\\IDTravel\\id90Travel_Challenge\\backend\\App\\Lib\\Router.php","line":48} []
[2023-11-03 19:55:05] errors.WARNING: E_WARNING: Array to string conversion {"code":2,"message":"Array to string conversion","file":"C:\\Users\\nahu9\\Tano\\Programming\\IDTravel\\id90Travel_Challenge\\backend\\App\\Lib\\Router.php","line":48} []
[2023-11-03 19:55:12] errors.WARNING: E_WARNING: Array to string conversion {"code":2,"message":"Array to string conversion","file":"C:\\Users\\nahu9\\Tano\\Programming\\IDTravel\\id90Travel_Challenge\\backend\\App\\Lib\\Router.php","line":48} []
[2023-11-03 19:55:12] errors.WARNING: E_WARNING: Array to string conversion {"code":2,"message":"Array to string conversion","file":"C:\\Users\\nahu9\\Tano\\Programming\\IDTravel\\id90Travel_Challenge\\backend\\App\\Lib\\Router.php","line":48} []
[2023-11-03 19:55:12] errors.WARNING: E_WARNING: Array to string conversion {"code":2,"message":"Array to string conversion","file":"C:\\Users\\nahu9\\Tano\\Programming\\IDTravel\\id90Travel_Challenge\\backend\\App\\Lib\\Router.php","line":48} []
[2023-11-03 19:55:12] errors.WARNING: E_WARNING: Array to string conversion {"code":2,"message":"Array to string conversion","file":"C:\\Users\\nahu9\\Tano\\Programming\\IDTravel\\id90Travel_Challenge\\backend\\App\\Lib\\Router.php","line":48} []
[2023-11-03 19:55:12] errors.WARNING: E_WARNING: Array to string conversion {"code":2,"message":"Array to string conversion","file":"C:\\Users\\nahu9\\Tano\\Programming\\IDTravel\\id90Travel_Challenge\\backend\\App\\Lib\\Router.php","line":48} []
[2023-11-03 19:55:12] errors.WARNING: E_WARNING: Array to string conversion {"code":2,"message":"Array to string conversion","file":"C:\\Users\\nahu9\\Tano\\Programming\\IDTravel\\id90Travel_Challenge\\backend\\App\\Lib\\Router.php","line":48} []
[2023-11-03 19:55:12] errors.WARNING: E_WARNING: Array to string conversion {"code":2,"message":"Array to string conversion","file":"C:\\Users\\nahu9\\Tano\\Programming\\IDTravel\\id90Travel_Challenge\\backend\\App\\Lib\\Router.php","line":48} []
[2023-11-03 19:55:12] errors.WARNING: E_WARNING: Array to string conversion {"code":2,"message":"Array to string conversion","file":"C:\\Users\\nahu9\\Tano\\Programming\\IDTravel\\id90Travel_Challenge\\backend\\App\\Lib\\Router.php","line":48} []
[2023-11-03 19:55:12] errors.WARNING: E_WARNING: Array to string conversion {"code":2,"message":"Array to string conversion","file":"C:\\Users\\nahu9\\Tano\\Programming\\IDTravel\\id90Travel_Challenge\\backend\\App\\Lib\\Router.php","line":48} []
[2023-11-03 19:55:12] errors.WARNING: E_WARNING: Array to string conversion {"code":2,"message":"Array to string conversion","file":"C:\\Users\\nahu9\\Tano\\Programming\\IDTravel\\id90Travel_Challenge\\backend\\App\\Lib\\Router.php","line":48} []
[2023-11-03 19:55:26] errors.WARNING: E_WARNING: Undefined array key "username" {"code":2,"message":"Undefined array key \"username\"","file":"C:\\Users\\nahu9\\Tano\\Programming\\IDTravel\\id90Travel_Challenge\\backend\\App\\Services\\HotelsService.php","line":18} []
[2023-11-03 19:55:26] errors.WARNING: E_WARNING: Undefined array key "username" {"code":2,"message":"Undefined array key \"username\"","file":"C:\\Users\\nahu9\\Tano\\Programming\\IDTravel\\id90Travel_Challenge\\backend\\App\\Services\\HotelsService.php","line":18} []
[2023-11-03 19:55:26] errors.WARNING: E_WARNING: Undefined array key "password" {"code":2,"message":"Undefined array key \"password\"","file":"C:\\Users\\nahu9\\Tano\\Programming\\IDTravel\\id90Travel_Challenge\\backend\\App\\Services\\HotelsService.php","line":19} []
[2023-11-03 19:55:26] errors.WARNING: E_WARNING: Undefined array key "password" {"code":2,"message":"Undefined array key \"password\"","file":"C:\\Users\\nahu9\\Tano\\Programming\\IDTravel\\id90Travel_Challenge\\backend\\App\\Services\\HotelsService.php","line":19} []
[2023-11-03 19:55:40] errors.WARNING: E_WARNING: Undefined array key "username" {"code":2,"message":"Undefined array key \"username\"","file":"C:\\Users\\nahu9\\Tano\\Programming\\IDTravel\\id90Travel_Challenge\\backend\\App\\Services\\HotelsService.php","line":18} []
[2023-11-03 19:55:40] errors.WARNING: E_WARNING: Undefined array key "username" {"code":2,"message":"Undefined array key \"username\"","file":"C:\\Users\\nahu9\\Tano\\Programming\\IDTravel\\id90Travel_Challenge\\backend\\App\\Services\\HotelsService.php","line":18} []
[2023-11-03 19:55:40] errors.WARNING: E_WARNING: Undefined array key "password" {"code":2,"message":"Undefined array key \"password\"","file":"C:\\Users\\nahu9\\Tano\\Programming\\IDTravel\\id90Travel_Challenge\\backend\\App\\Services\\HotelsService.php","line":19} []
[2023-11-03 19:55:40] errors.WARNING: E_WARNING: Undefined array key "password" {"code":2,"message":"Undefined array key \"password\"","file":"C:\\Users\\nahu9\\Tano\\Programming\\IDTravel\\id90Travel_Challenge\\backend\\App\\Services\\HotelsService.php","line":19} []
[2023-11-03 19:56:09] errors.WARNING: E_WARNING: Undefined array key "username" {"code":2,"message":"Undefined array key \"username\"","file":"C:\\Users\\nahu9\\Tano\\Programming\\IDTravel\\id90Travel_Challenge\\backend\\App\\Services\\HotelsService.php","line":18} []
[2023-11-03 19:56:09] errors.WARNING: E_WARNING: Undefined array key "username" {"code":2,"message":"Undefined array key \"username\"","file":"C:\\Users\\nahu9\\Tano\\Programming\\IDTravel\\id90Travel_Challenge\\backend\\App\\Services\\HotelsService.php","line":18} []
[2023-11-03 19:56:09] errors.WARNING: E_WARNING: Undefined array key "password" {"code":2,"message":"Undefined array key \"password\"","file":"C:\\Users\\nahu9\\Tano\\Programming\\IDTravel\\id90Travel_Challenge\\backend\\App\\Services\\HotelsService.php","line":19} []
[2023-11-03 19:56:09] errors.WARNING: E_WARNING: Undefined array key "password" {"code":2,"message":"Undefined array key \"password\"","file":"C:\\Users\\nahu9\\Tano\\Programming\\IDTravel\\id90Travel_Challenge\\backend\\App\\Services\\HotelsService.php","line":19} []
[2023-11-03 19:56:23] errors.WARNING: E_WARNING: Undefined array key "username" {"code":2,"message":"Undefined array key \"username\"","file":"C:\\Users\\nahu9\\Tano\\Programming\\IDTravel\\id90Travel_Challenge\\backend\\App\\Services\\HotelsService.php","line":18} []
[2023-11-03 19:56:23] errors.WARNING: E_WARNING: Undefined array key "username" {"code":2,"message":"Undefined array key \"username\"","file":"C:\\Users\\nahu9\\Tano\\Programming\\IDTravel\\id90Travel_Challenge\\backend\\App\\Services\\HotelsService.php","line":18} []
[2023-11-03 19:56:23] errors.WARNING: E_WARNING: Undefined array key "password" {"code":2,"message":"Undefined array key \"password\"","file":"C:\\Users\\nahu9\\Tano\\Programming\\IDTravel\\id90Travel_Challenge\\backend\\App\\Services\\HotelsService.php","line":19} []
[2023-11-03 19:56:23] errors.WARNING: E_WARNING: Undefined array key "password" {"code":2,"message":"Undefined array key \"password\"","file":"C:\\Users\\nahu9\\Tano\\Programming\\IDTravel\\id90Travel_Challenge\\backend\\App\\Services\\HotelsService.php","line":19} []
[2023-11-03 19:57:08] errors.WARNING: E_WARNING: Undefined array key "username" {"code":2,"message":"Undefined array key \"username\"","file":"C:\\Users\\nahu9\\Tano\\Programming\\IDTravel\\id90Travel_Challenge\\backend\\App\\Services\\HotelsService.php","line":18} []
[2023-11-03 19:57:08] errors.WARNING: E_WARNING: Undefined array key "username" {"code":2,"message":"Undefined array key \"username\"","file":"C:\\Users\\nahu9\\Tano\\Programming\\IDTravel\\id90Travel_Challenge\\backend\\App\\Services\\HotelsService.php","line":18} []
[2023-11-03 19:57:08] errors.WARNING: E_WARNING: Undefined array key "password" {"code":2,"message":"Undefined array key \"password\"","file":"C:\\Users\\nahu9\\Tano\\Programming\\IDTravel\\id90Travel_Challenge\\backend\\App\\Services\\HotelsService.php","line":19} []
[2023-11-03 19:57:08] errors.WARNING: E_WARNING: Undefined array key "password" {"code":2,"message":"Undefined array key \"password\"","file":"C:\\Users\\nahu9\\Tano\\Programming\\IDTravel\\id90Travel_Challenge\\backend\\App\\Services\\HotelsService.php","line":19} []
[2023-11-03 19:57:46] errors.WARNING: E_WARNING: Undefined array key "username" {"code":2,"message":"Undefined array key \"username\"","file":"C:\\Users\\nahu9\\Tano\\Programming\\IDTravel\\id90Travel_Challenge\\backend\\App\\Services\\HotelsService.php","line":18} []
[2023-11-03 19:57:46] errors.WARNING: E_WARNING: Undefined array key "username" {"code":2,"message":"Undefined array key \"username\"","file":"C:\\Users\\nahu9\\Tano\\Programming\\IDTravel\\id90Travel_Challenge\\backend\\App\\Services\\HotelsService.php","line":18} []
[2023-11-03 19:57:46] errors.WARNING: E_WARNING: Undefined array key "password" {"code":2,"message":"Undefined array key \"password\"","file":"C:\\Users\\nahu9\\Tano\\Programming\\IDTravel\\id90Travel_Challenge\\backend\\App\\Services\\HotelsService.php","line":19} []
[2023-11-03 19:57:46] errors.WARNING: E_WARNING: Undefined array key "password" {"code":2,"message":"Undefined array key \"password\"","file":"C:\\Users\\nahu9\\Tano\\Programming\\IDTravel\\id90Travel_Challenge\\backend\\App\\Services\\HotelsService.php","line":19} []
[2023-11-03 19:58:11] errors.WARNING: E_WARNING: Undefined array key "username" {"code":2,"message":"Undefined array key \"username\"","file":"C:\\Users\\nahu9\\Tano\\Programming\\IDTravel\\id90Travel_Challenge\\backend\\App\\Services\\HotelsService.php","line":18} []
[2023-11-03 19:58:11] errors.WARNING: E_WARNING: Undefined array key "username" {"code":2,"message":"Undefined array key \"username\"","file":"C:\\Users\\nahu9\\Tano\\Programming\\IDTravel\\id90Travel_Challenge\\backend\\App\\Services\\HotelsService.php","line":18} []
[2023-11-03 19:58:11] errors.WARNING: E_WARNING: Undefined array key "password" {"code":2,"message":"Undefined array key \"password\"","file":"C:\\Users\\nahu9\\Tano\\Programming\\IDTravel\\id90Travel_Challenge\\backend\\App\\Services\\HotelsService.php","line":19} []
[2023-11-03 19:58:11] errors.WARNING: E_WARNING: Undefined array key "password" {"code":2,"message":"Undefined array key \"password\"","file":"C:\\Users\\nahu9\\Tano\\Programming\\IDTravel\\id90Travel_Challenge\\backend\\App\\Services\\HotelsService.php","line":19} []
[2023-11-03 19:58:51] errors.WARNING: E_WARNING: Undefined array key "username" {"code":2,"message":"Undefined array key \"username\"","file":"C:\\Users\\nahu9\\Tano\\Programming\\IDTravel\\id90Travel_Challenge\\backend\\App\\Services\\HotelsService.php","line":18} []
[2023-11-03 19:58:51] errors.WARNING: E_WARNING: Undefined array key "username" {"code":2,"message":"Undefined array key \"username\"","file":"C:\\Users\\nahu9\\Tano\\Programming\\IDTravel\\id90Travel_Challenge\\backend\\App\\Services\\HotelsService.php","line":18} []
[2023-11-03 19:58:51] errors.WARNING: E_WARNING: Undefined array key "password" {"code":2,"message":"Undefined array key \"password\"","file":"C:\\Users\\nahu9\\Tano\\Programming\\IDTravel\\id90Travel_Challenge\\backend\\App\\Services\\HotelsService.php","line":19} []
[2023-11-03 19:58:51] errors.WARNING: E_WARNING: Undefined array key "password" {"code":2,"message":"Undefined array key \"password\"","file":"C:\\Users\\nahu9\\Tano\\Programming\\IDTravel\\id90Travel_Challenge\\backend\\App\\Services\\HotelsService.php","line":19} []
[2023-11-03 20:23:34] errors.WARNING: E_WARNING: Undefined array key "username" {"code":2,"message":"Undefined array key \"username\"","file":"C:\\Users\\nahu9\\Tano\\Programming\\IDTravel\\id90Travel_Challenge\\backend\\App\\Services\\HotelsService.php","line":18} []
[2023-11-03 20:23:34] errors.WARNING: E_WARNING: Undefined array key "username" {"code":2,"message":"Undefined array key \"username\"","file":"C:\\Users\\nahu9\\Tano\\Programming\\IDTravel\\id90Travel_Challenge\\backend\\App\\Services\\HotelsService.php","line":18} []
[2023-11-03 20:23:34] errors.WARNING: E_WARNING: Undefined array key "password" {"code":2,"message":"Undefined array key \"password\"","file":"C:\\Users\\nahu9\\Tano\\Programming\\IDTravel\\id90Travel_Challenge\\backend\\App\\Services\\HotelsService.php","line":19} []
[2023-11-03 20:23:34] errors.WARNING: E_WARNING: Undefined array key "password" {"code":2,"message":"Undefined array key \"password\"","file":"C:\\Users\\nahu9\\Tano\\Programming\\IDTravel\\id90Travel_Challenge\\backend\\App\\Services\\HotelsService.php","line":19} []
[2023-11-03 20:23:52] errors.WARNING: E_WARNING: Undefined array key "username" {"code":2,"message":"Undefined array key \"username\"","file":"C:\\Users\\nahu9\\Tano\\Programming\\IDTravel\\id90Travel_Challenge\\backend\\App\\Services\\HotelsService.php","line":18} []
[2023-11-03 20:23:52] errors.WARNING: E_WARNING: Undefined array key "username" {"code":2,"message":"Undefined array key \"username\"","file":"C:\\Users\\nahu9\\Tano\\Programming\\IDTravel\\id90Travel_Challenge\\backend\\App\\Services\\HotelsService.php","line":18} []
[2023-11-03 20:23:52] errors.WARNING: E_WARNING: Undefined array key "password" {"code":2,"message":"Undefined array key \"password\"","file":"C:\\Users\\nahu9\\Tano\\Programming\\IDTravel\\id90Travel_Challenge\\backend\\App\\Services\\HotelsService.php","line":19} []
[2023-11-03 20:23:52] errors.WARNING: E_WARNING: Undefined array key "password" {"code":2,"message":"Undefined array key \"password\"","file":"C:\\Users\\nahu9\\Tano\\Programming\\IDTravel\\id90Travel_Challenge\\backend\\App\\Services\\HotelsService.php","line":19} []
[2023-11-04 00:04:16] errors.WARNING: E_WARNING: Undefined array key "query" {"code":2,"message":"Undefined array key \"query\"","file":"C:\\Users\\nahu9\\Tano\\Programming\\IDTravel\\id90Travel_Challenge\\backend\\App\\Lib\\Router.php","line":53} []
[2023-11-04 00:04:16] errors.WARNING: E_WARNING: Undefined array key "query" {"code":2,"message":"Undefined array key \"query\"","file":"C:\\Users\\nahu9\\Tano\\Programming\\IDTravel\\id90Travel_Challenge\\backend\\App\\Lib\\Router.php","line":53} []
[2023-11-04 00:07:55] errors.WARNING: E_WARNING: Undefined array key "username" {"code":2,"message":"Undefined array key \"username\"","file":"C:\\Users\\nahu9\\Tano\\Programming\\IDTravel\\id90Travel_Challenge\\backend\\App\\Services\\HotelsService.php","line":18} []
[2023-11-04 00:07:55] errors.WARNING: E_WARNING: Undefined array key "username" {"code":2,"message":"Undefined array key \"username\"","file":"C:\\Users\\nahu9\\Tano\\Programming\\IDTravel\\id90Travel_Challenge\\backend\\App\\Services\\HotelsService.php","line":18} []
[2023-11-04 00:07:55] errors.WARNING: E_WARNING: Undefined array key "password" {"code":2,"message":"Undefined array key \"password\"","file":"C:\\Users\\nahu9\\Tano\\Programming\\IDTravel\\id90Travel_Challenge\\backend\\App\\Services\\HotelsService.php","line":19} []
[2023-11-04 00:07:55] errors.WARNING: E_WARNING: Undefined array key "password" {"code":2,"message":"Undefined array key \"password\"","file":"C:\\Users\\nahu9\\Tano\\Programming\\IDTravel\\id90Travel_Challenge\\backend\\App\\Services\\HotelsService.php","line":19} []
[2023-11-04 00:09:29] errors.WARNING: E_WARNING: Undefined array key "destination" {"code":2,"message":"Undefined array key \"destination\"","file":"C:\\Users\\nahu9\\Tano\\Programming\\IDTravel\\id90Travel_Challenge\\backend\\App\\Services\\HotelsService.php","line":17} []
[2023-11-04 00:09:29] errors.WARNING: E_WARNING: Undefined array key "destination" {"code":2,"message":"Undefined array key \"destination\"","file":"C:\\Users\\nahu9\\Tano\\Programming\\IDTravel\\id90Travel_Challenge\\backend\\App\\Services\\HotelsService.php","line":17} []
[2023-11-04 00:09:29] errors.WARNING: E_WARNING: Undefined array key "guests[]" {"code":2,"message":"Undefined array key \"guests[]\"","file":"C:\\Users\\nahu9\\Tano\\Programming\\IDTravel\\id90Travel_Challenge\\backend\\App\\Services\\HotelsService.php","line":18} []
[2023-11-04 00:09:29] errors.WARNING: E_WARNING: Undefined array key "guests[]" {"code":2,"message":"Undefined array key \"guests[]\"","file":"C:\\Users\\nahu9\\Tano\\Programming\\IDTravel\\id90Travel_Challenge\\backend\\App\\Services\\HotelsService.php","line":18} []
[2023-11-04 00:09:29] errors.WARNING: E_WARNING: Undefined array key "checkin" {"code":2,"message":"Undefined array key \"checkin\"","file":"C:\\Users\\nahu9\\Tano\\Programming\\IDTravel\\id90Travel_Challenge\\backend\\App\\Services\\HotelsService.php","line":19} []
[2023-11-04 00:09:29] errors.WARNING: E_WARNING: Undefined array key "checkin" {"code":2,"message":"Undefined array key \"checkin\"","file":"C:\\Users\\nahu9\\Tano\\Programming\\IDTravel\\id90Travel_Challenge\\backend\\App\\Services\\HotelsService.php","line":19} []
[2023-11-04 00:09:29] errors.WARNING: E_WARNING: Undefined array key "checkout" {"code":2,"message":"Undefined array key \"checkout\"","file":"C:\\Users\\nahu9\\Tano\\Programming\\IDTravel\\id90Travel_Challenge\\backend\\App\\Services\\HotelsService.php","line":20} []
[2023-11-04 00:09:29] errors.WARNING: E_WARNING: Undefined array key "checkout" {"code":2,"message":"Undefined array key \"checkout\"","file":"C:\\Users\\nahu9\\Tano\\Programming\\IDTravel\\id90Travel_Challenge\\backend\\App\\Services\\HotelsService.php","line":20} []
[2023-11-04 00:09:41] errors.WARNING: E_WARNING: Undefined array key "query" {"code":2,"message":"Undefined array key \"query\"","file":"C:\\Users\\nahu9\\Tano\\Programming\\IDTravel\\id90Travel_Challenge\\backend\\App\\Lib\\Router.php","line":53} []
[2023-11-04 00:09:41] errors.WARNING: E_WARNING: Undefined array key "query" {"code":2,"message":"Undefined array key \"query\"","file":"C:\\Users\\nahu9\\Tano\\Programming\\IDTravel\\id90Travel_Challenge\\backend\\App\\Lib\\Router.php","line":53} []
[2023-11-04 00:09:56] errors.WARNING: E_WARNING: Undefined array key "guests[]" {"code":2,"message":"Undefined array key \"guests[]\"","file":"C:\\Users\\nahu9\\Tano\\Programming\\IDTravel\\id90Travel_Challenge\\backend\\App\\Services\\HotelsService.php","line":18} []
[2023-11-04 00:09:56] errors.WARNING: E_WARNING: Undefined array key "guests[]" {"code":2,"message":"Undefined array key \"guests[]\"","file":"C:\\Users\\nahu9\\Tano\\Programming\\IDTravel\\id90Travel_Challenge\\backend\\App\\Services\\HotelsService.php","line":18} []
[2023-11-04 00:10:29] errors.WARNING: E_WARNING: Undefined array key "guests[]" {"code":2,"message":"Undefined array key \"guests[]\"","file":"C:\\Users\\nahu9\\Tano\\Programming\\IDTravel\\id90Travel_Challenge\\backend\\App\\Services\\HotelsService.php","line":18} []
[2023-11-04 00:10:29] errors.WARNING: E_WARNING: Undefined array key "guests[]" {"code":2,"message":"Undefined array key \"guests[]\"","file":"C:\\Users\\nahu9\\Tano\\Programming\\IDTravel\\id90Travel_Challenge\\backend\\App\\Services\\HotelsService.php","line":18} []
[2023-11-04 00:10:53] errors.WARNING: E_WARNING: Undefined array key "guests[]" {"code":2,"message":"Undefined array key \"guests[]\"","file":"C:\\Users\\nahu9\\Tano\\Programming\\IDTravel\\id90Travel_Challenge\\backend\\App\\Services\\HotelsService.php","line":18} []
[2023-11-04 00:10:53] errors.WARNING: E_WARNING: Undefined array key "guests[]" {"code":2,"message":"Undefined array key \"guests[]\"","file":"C:\\Users\\nahu9\\Tano\\Programming\\IDTravel\\id90Travel_Challenge\\backend\\App\\Services\\HotelsService.php","line":18} []
[2023-11-04 00:22:33] errors.ERROR: Uncaught Exception Error: "Object of class CurlHandle could not be converted to string" at C:\Users\nahu9\Tano\Programming\IDTravel\id90Travel_Challenge\backend\App\Services\HotelsService.php line 45 {"exception":"[object] (Error(code: 0): Object of class CurlHandle could not be converted to string at C:\\Users\\nahu9\\Tano\\Programming\\IDTravel\\id90Travel_Challenge\\backend\\App\\Services\\HotelsService.php:45)"} []
[2023-11-04 00:22:33] errors.ERROR: Uncaught Exception Error: "Object of class CurlHandle could not be converted to string" at C:\Users\nahu9\Tano\Programming\IDTravel\id90Travel_Challenge\backend\App\Services\HotelsService.php line 45 {"exception":"[object] (Error(code: 0): Object of class CurlHandle could not be converted to string at C:\\Users\\nahu9\\Tano\\Programming\\IDTravel\\id90Travel_Challenge\\backend\\App\\Services\\HotelsService.php:45)"} []
[2023-11-04 00:22:41] errors.ERROR: Uncaught Exception Error: "Object of class CurlHandle could not be converted to string" at C:\Users\nahu9\Tano\Programming\IDTravel\id90Travel_Challenge\backend\App\Services\HotelsService.php line 45 {"exception":"[object] (Error(code: 0): Object of class CurlHandle could not be converted to string at C:\\Users\\nahu9\\Tano\\Programming\\IDTravel\\id90Travel_Challenge\\backend\\App\\Services\\HotelsService.php:45)"} []
[2023-11-04 00:22:41] errors.ERROR: Uncaught Exception Error: "Object of class CurlHandle could not be converted to string" at C:\Users\nahu9\Tano\Programming\IDTravel\id90Travel_Challenge\backend\App\Services\HotelsService.php line 45 {"exception":"[object] (Error(code: 0): Object of class CurlHandle could not be converted to string at C:\\Users\\nahu9\\Tano\\Programming\\IDTravel\\id90Travel_Challenge\\backend\\App\\Services\\HotelsService.php:45)"} []
[2023-11-04 00:23:41] errors.ERROR: Uncaught Exception Error: "Object of class CurlHandle could not be converted to string" at C:\Users\nahu9\Tano\Programming\IDTravel\id90Travel_Challenge\backend\App\Services\HotelsService.php line 45 {"exception":"[object] (Error(code: 0): Object of class CurlHandle could not be converted to string at C:\\Users\\nahu9\\Tano\\Programming\\IDTravel\\id90Travel_Challenge\\backend\\App\\Services\\HotelsService.php:45)"} []
[2023-11-04 00:23:41] errors.ERROR: Uncaught Exception Error: "Object of class CurlHandle could not be converted to string" at C:\Users\nahu9\Tano\Programming\IDTravel\id90Travel_Challenge\backend\App\Services\HotelsService.php line 45 {"exception":"[object] (Error(code: 0): Object of class CurlHandle could not be converted to string at C:\\Users\\nahu9\\Tano\\Programming\\IDTravel\\id90Travel_Challenge\\backend\\App\\Services\\HotelsService.php:45)"} []
[2023-11-04 00:23:43] errors.ERROR: Uncaught Exception Error: "Object of class CurlHandle could not be converted to string" at C:\Users\nahu9\Tano\Programming\IDTravel\id90Travel_Challenge\backend\App\Services\HotelsService.php line 45 {"exception":"[object] (Error(code: 0): Object of class CurlHandle could not be converted to string at C:\\Users\\nahu9\\Tano\\Programming\\IDTravel\\id90Travel_Challenge\\backend\\App\\Services\\HotelsService.php:45)"} []
[2023-11-04 00:23:43] errors.ERROR: Uncaught Exception Error: "Object of class CurlHandle could not be converted to string" at C:\Users\nahu9\Tano\Programming\IDTravel\id90Travel_Challenge\backend\App\Services\HotelsService.php line 45 {"exception":"[object] (Error(code: 0): Object of class CurlHandle could not be converted to string at C:\\Users\\nahu9\\Tano\\Programming\\IDTravel\\id90Travel_Challenge\\backend\\App\\Services\\HotelsService.php:45)"} []
